This is pdfTeX, Version 3.14159265-2.6-1.40.19 (MiKTeX 2.9.6840) (preloaded format=pdflatex 2018.10.16)  4 DEC 2018 08:32
entering extended mode
**./hpark407-analysis.tex
(hpark407-analysis.tex
LaTeX2e <2018-04-01> patch level 5

("/Users/haekyu/Library/Application Support/MiKTeX/texmfs/install/tex/latex/bas
e/article.cls"
Document Class: article 2014/09/29 v1.4h Standard LaTeX document class

("/Users/haekyu/Library/Application Support/MiKTeX/texmfs/install/tex/latex/bas
e/size10.clo"
File: size10.clo 2014/09/29 v1.4h Standard LaTeX file (size option)
)
\c@part=\count80
\c@section=\count81
\c@subsection=\count82
\c@subsubsection=\count83
\c@paragraph=\count84
\c@subparagraph=\count85
\c@figure=\count86
\c@table=\count87
\abovecaptionskip=\skip41
\belowcaptionskip=\skip42
\bibindent=\dimen102
)
("/Users/haekyu/Library/Application Support/MiKTeX/texmfs/install/tex/latex/geo
metry/geometry.sty"
Package: geometry 2018/04/16 v5.8 Page Geometry

("/Users/haekyu/Library/Application Support/MiKTeX/texmfs/install/tex/latex/gra
phics/keyval.sty"
Package: keyval 2014/10/28 v1.15 key=value parser (DPC)
\KV@toks@=\toks14
)
("/Users/haekyu/Library/Application Support/MiKTeX/texmfs/install/tex/generic/o
berdiek/ifpdf.sty"
Package: ifpdf 2018/09/07 v3.3 Provides the ifpdf switch
)
("/Users/haekyu/Library/Application Support/MiKTeX/texmfs/install/tex/generic/o
berdiek/ifvtex.sty"
Package: ifvtex 2016/05/16 v1.6 Detect VTeX and its facilities (HO)
Package ifvtex Info: VTeX not detected.
)
("/Users/haekyu/Library/Application Support/MiKTeX/texmfs/install/tex/generic/i
fxetex/ifxetex.sty"
Package: ifxetex 2010/09/12 v0.6 Provides ifxetex conditional
)
\Gm@cnth=\count88
\Gm@cntv=\count89
\c@Gm@tempcnt=\count90
\Gm@bindingoffset=\dimen103
\Gm@wd@mp=\dimen104
\Gm@odd@mp=\dimen105
\Gm@even@mp=\dimen106
\Gm@layoutwidth=\dimen107
\Gm@layoutheight=\dimen108
\Gm@layouthoffset=\dimen109
\Gm@layoutvoffset=\dimen110
\Gm@dimlist=\toks15

("/Users/haekyu/Library/Application Support/MiKTeX/texmfs/install/tex/latex/geo
metry/geometry.cfg"))
("/Users/haekyu/Library/Application Support/MiKTeX/texmfs/install/tex/latex/gra
phics/graphicx.sty"
Package: graphicx 2017/06/01 v1.1a Enhanced LaTeX Graphics (DPC,SPQR)

("/Users/haekyu/Library/Application Support/MiKTeX/texmfs/install/tex/latex/gra
phics/graphics.sty"
Package: graphics 2017/06/25 v1.2c Standard LaTeX Graphics (DPC,SPQR)

("/Users/haekyu/Library/Application Support/MiKTeX/texmfs/install/tex/latex/gra
phics/trig.sty"
Package: trig 2016/01/03 v1.10 sin cos tan (DPC)
)
("/Users/haekyu/Library/Application Support/MiKTeX/texmfs/install/tex/latex/gra
phics-cfg/graphics.cfg"
File: graphics.cfg 2016/06/04 v1.11 sample graphics configuration
)
Package graphics Info: Driver file: pdftex.def on input line 99.

("/Users/haekyu/Library/Application Support/MiKTeX/texmfs/install/tex/latex/gra
phics-def/pdftex.def"
File: pdftex.def 2018/01/08 v1.0l Graphics/color driver for pdftex
))
\Gin@req@height=\dimen111
\Gin@req@width=\dimen112
)
("/Users/haekyu/Library/Application Support/MiKTeX/texmfs/install/tex/latex/nat
bib/natbib.sty"
Package: natbib 2010/09/13 8.31b (PWD, AO)
\bibhang=\skip43
\bibsep=\skip44
LaTeX Info: Redefining \cite on input line 694.
\c@NAT@ctr=\count91
)
("/Users/haekyu/Library/Application Support/MiKTeX/texmfs/install/tex/latex/ams
math/amsmath.sty"
Package: amsmath 2017/09/02 v2.17a AMS math features
\@mathmargin=\skip45

For additional information on amsmath, use the `?' option.

("/Users/haekyu/Library/Application Support/MiKTeX/texmfs/install/tex/latex/ams
math/amstext.sty"
Package: amstext 2000/06/29 v2.01 AMS text

("/Users/haekyu/Library/Application Support/MiKTeX/texmfs/install/tex/latex/ams
math/amsgen.sty"
File: amsgen.sty 1999/11/30 v2.0 generic functions
\@emptytoks=\toks16
\ex@=\dimen113
))
("/Users/haekyu/Library/Application Support/MiKTeX/texmfs/install/tex/latex/ams
math/amsbsy.sty"
Package: amsbsy 1999/11/29 v1.2d Bold Symbols
\pmbraise@=\dimen114
)
("/Users/haekyu/Library/Application Support/MiKTeX/texmfs/install/tex/latex/ams
math/amsopn.sty"
Package: amsopn 2016/03/08 v2.02 operator names
)
\inf@bad=\count92
LaTeX Info: Redefining \frac on input line 213.
\uproot@=\count93
\leftroot@=\count94
LaTeX Info: Redefining \overline on input line 375.
\classnum@=\count95
\DOTSCASE@=\count96
LaTeX Info: Redefining \ldots on input line 472.
LaTeX Info: Redefining \dots on input line 475.
LaTeX Info: Redefining \cdots on input line 596.
\Mathstrutbox@=\box26
\strutbox@=\box27
\big@size=\dimen115
LaTeX Font Info:    Redeclaring font encoding OML on input line 712.
LaTeX Font Info:    Redeclaring font encoding OMS on input line 713.
\macc@depth=\count97
\c@MaxMatrixCols=\count98
\dotsspace@=\muskip10
\c@parentequation=\count99
\dspbrk@lvl=\count100
\tag@help=\toks17
\row@=\count101
\column@=\count102
\maxfields@=\count103
\andhelp@=\toks18
\eqnshift@=\dimen116
\alignsep@=\dimen117
\tagshift@=\dimen118
\tagwidth@=\dimen119
\totwidth@=\dimen120
\lineht@=\dimen121
\@envbody=\toks19
\multlinegap=\skip46
\multlinetaggap=\skip47
\mathdisplay@stack=\toks20
LaTeX Info: Redefining \[ on input line 2817.
LaTeX Info: Redefining \] on input line 2818.
)

hpark407-analysis.tex:16: LaTeX Error: Option clash for package natbib.

See the LaTeX manual or LaTeX Companion for explanation.
Type  H <return>  for immediate help
The package natbib has already been loaded with options:
  []
There has now been an attempt to load it with options
  [numbers,sort]
Adding the global options:
  ,numbers,sort
to your \documentclass declaration may fix this.
Try typing  <return>  to proceed.


("/Users/haekyu/Library/Application Support/MiKTeX/texmfs/install/tex/latex/xco
lor/xcolor.sty"
Package: xcolor 2016/05/11 v2.12 LaTeX color extensions (UK)

("/Users/haekyu/Library/Application Support/MiKTeX/texmfs/install/tex/latex/gra
phics-cfg/color.cfg"
File: color.cfg 2016/01/02 v1.6 sample color configuration
)
Package xcolor Info: Driver file: pdftex.def on input line 225.
Package xcolor Info: Model `cmy' substituted by `cmy0' on input line 1348.
Package xcolor Info: Model `hsb' substituted by `rgb' on input line 1352.
Package xcolor Info: Model `RGB' extended on input line 1364.
Package xcolor Info: Model `HTML' substituted by `rgb' on input line 1366.
Package xcolor Info: Model `Hsb' substituted by `hsb' on input line 1367.
Package xcolor Info: Model `tHsb' substituted by `hsb' on input line 1368.
Package xcolor Info: Model `HSB' substituted by `hsb' on input line 1369.
Package xcolor Info: Model `Gray' substituted by `gray' on input line 1370.
Package xcolor Info: Model `wave' substituted by `hsb' on input line 1371.
)
("/Users/haekyu/Library/Application Support/MiKTeX/texmfs/install/tex/latex/mul
tirow/multirow.sty"
Package: multirow 2018/08/03 v2.3 Span multiple rows of a table
\multirow@colwidth=\skip48
\multirow@cntb=\count104
\multirow@dima=\skip49
\bigstrutjot=\dimen122
)
("/Users/haekyu/Library/Application Support/MiKTeX/texmfs/install/tex/latex/cap
tion/subcaption.sty"
Package: subcaption 2018/05/01 v1.1-162 Sub-captions (AR)

("/Users/haekyu/Library/Application Support/MiKTeX/texmfs/install/tex/latex/cap
tion/caption.sty"
Package: caption 2018/10/06 v3.3-154 Customizing captions (AR)

("/Users/haekyu/Library/Application Support/MiKTeX/texmfs/install/tex/latex/cap
tion/caption3.sty"
Package: caption3 2018/09/12 v1.8c caption3 kernel (AR)
Package caption3 Info: TeX engine: e-TeX on input line 64.
\captionmargin=\dimen123
\captionmargin@=\dimen124
\captionwidth=\dimen125
\caption@tempdima=\dimen126
\caption@indent=\dimen127
\caption@parindent=\dimen128
\caption@hangindent=\dimen129
)
\c@caption@flags=\count105
\c@ContinuedFloat=\count106
)
\c@subfigure=\count107
\c@subtable=\count108
)
\c@defn=\count109

(/Users/haekyu/GoogleDrive/Gatech/machine-learning/proj/proj4/report/.texpadtmp
/hpark407-analysis.aux

LaTeX Warning: Label `fig:hard-pi-time' multiply defined.


LaTeX Warning: Label `sub@fig:hard-pi-time' multiply defined.

)
\openout1 = `hpark407-analysis.aux'.

LaTeX Font Info:    Checking defaults for OML/cmm/m/it on input line 38.
LaTeX Font Info:    ... okay on input line 38.
LaTeX Font Info:    Checking defaults for T1/cmr/m/n on input line 38.
LaTeX Font Info:    ... okay on input line 38.
LaTeX Font Info:    Checking defaults for OT1/cmr/m/n on input line 38.
LaTeX Font Info:    ... okay on input line 38.
LaTeX Font Info:    Checking defaults for OMS/cmsy/m/n on input line 38.
LaTeX Font Info:    ... okay on input line 38.
LaTeX Font Info:    Checking defaults for OMX/cmex/m/n on input line 38.
LaTeX Font Info:    ... okay on input line 38.
LaTeX Font Info:    Checking defaults for U/cmr/m/n on input line 38.
LaTeX Font Info:    ... okay on input line 38.

*geometry* driver: auto-detecting
*geometry* detected driver: pdftex
*geometry* verbose mode - [ preamble ] result:
* driver: pdftex
* paper: letterpaper
* layout: <same size as paper>
* layoutoffset:(h,v)=(0.0pt,0.0pt)
* modes: 
* h-part:(L,W,R)=(79.6678pt, 454.9594pt, 79.6678pt)
* v-part:(T,H,B)=(72.26999pt, 608.88898pt, 113.81102pt)
* \paperwidth=614.295pt
* \paperheight=794.96999pt
* \textwidth=454.9594pt
* \textheight=608.88898pt
* \oddsidemargin=7.39781pt
* \evensidemargin=7.39781pt
* \topmargin=-37.0pt
* \headheight=12.0pt
* \headsep=25.0pt
* \topskip=10.0pt
* \footskip=30.0pt
* \marginparwidth=65.0pt
* \marginparsep=11.0pt
* \columnsep=10.0pt
* \skip\footins=9.0pt plus 4.0pt minus 2.0pt
* \hoffset=0.0pt
* \voffset=0.0pt
* \mag=1000
* \@twocolumnfalse
* \@twosidefalse
* \@mparswitchfalse
* \@reversemarginfalse
* (1in=72.27pt=25.4mm, 1cm=28.453pt)


("/Users/haekyu/Library/Application Support/MiKTeX/texmfs/install/tex/context/b
ase/supp-pdf.mkii"
[Loading MPS to PDF converter (version 2006.09.02).]
\scratchcounter=\count110
\scratchdimen=\dimen130
\scratchbox=\box28
\nofMPsegments=\count111
\nofMParguments=\count112
\everyMPshowfont=\toks21
\MPscratchCnt=\count113
\MPscratchDim=\dimen131
\MPnumerator=\count114
\makeMPintoPDFobject=\count115
\everyMPtoPDFconversion=\toks22
)
("/Users/haekyu/Library/Application Support/MiKTeX/texmfs/install/tex/latex/obe
rdiek/epstopdf-base.sty"
Package: epstopdf-base 2016/05/15 v2.6 Base part for package epstopdf

("/Users/haekyu/Library/Application Support/MiKTeX/texmfs/install/tex/generic/o
berdiek/infwarerr.sty"
Package: infwarerr 2016/05/16 v1.4 Providing info/warning/error messages (HO)
)
("/Users/haekyu/Library/Application Support/MiKTeX/texmfs/install/tex/latex/obe
rdiek/grfext.sty"
Package: grfext 2016/05/16 v1.2 Manage graphics extensions (HO)

("/Users/haekyu/Library/Application Support/MiKTeX/texmfs/install/tex/generic/o
berdiek/kvdefinekeys.sty"
Package: kvdefinekeys 2016/05/16 v1.4 Define keys (HO)

("/Users/haekyu/Library/Application Support/MiKTeX/texmfs/install/tex/generic/o
berdiek/ltxcmds.sty"
Package: ltxcmds 2016/05/16 v1.23 LaTeX kernel commands for general use (HO)
)))
("/Users/haekyu/Library/Application Support/MiKTeX/texmfs/install/tex/latex/obe
rdiek/kvoptions.sty"
Package: kvoptions 2016/05/16 v3.12 Key value format for package options (HO)

("/Users/haekyu/Library/Application Support/MiKTeX/texmfs/install/tex/generic/o
berdiek/kvsetkeys.sty"
Package: kvsetkeys 2016/05/16 v1.17 Key value parser (HO)

("/Users/haekyu/Library/Application Support/MiKTeX/texmfs/install/tex/generic/o
berdiek/etexcmds.sty"
Package: etexcmds 2016/05/16 v1.6 Avoid name clashes with e-TeX commands (HO)

("/Users/haekyu/Library/Application Support/MiKTeX/texmfs/install/tex/generic/o
berdiek/ifluatex.sty"
Package: ifluatex 2016/05/16 v1.4 Provides the ifluatex switch (HO)
Package ifluatex Info: LuaTeX not detected.
)
Package etexcmds Info: Could not find \expanded.
(etexcmds)             That can mean that you are not using pdfTeX 1.50 or
(etexcmds)             that some package has redefined \expanded.
(etexcmds)             In the latter case, load this package earlier.
)))
("/Users/haekyu/Library/Application Support/MiKTeX/texmfs/install/tex/generic/o
berdiek/pdftexcmds.sty"
Package: pdftexcmds 2018/09/10 v0.29 Utility functions of pdfTeX for LuaTeX (HO
)
Package pdftexcmds Info: LuaTeX not detected.
Package pdftexcmds Info: \pdf@primitive is available.
Package pdftexcmds Info: \pdf@ifprimitive is available.
Package pdftexcmds Info: \pdfdraftmode found.
)
Package epstopdf-base Info: Redefining graphics rule for `.eps' on input line 4
38.
Package grfext Info: Graphics extension search list:
(grfext)             [.pdf,.png,.jpg,.mps,.jpeg,.jbig2,.jb2,.PDF,.PNG,.JPG,.JPE
G,.JBIG2,.JB2,.eps]
(grfext)             \AppendGraphicsExtensions on input line 456.
)
Package caption Info: Begin \AtBeginDocument code.
Package caption Info: End \AtBeginDocument code.

Underfull \hbox (badness 10000) in paragraph at lines 47--66

 []


Overfull \hbox (3.97667pt too wide) in paragraph at lines 47--66
\OT1/cmr/m/n/10 reinforcement learning and planning algorithms aim to solve. Se
ction 3[] reports and anlayzes the experiment
 []


Underfull \hbox (badness 10000) in paragraph at lines 70--98

 []


Underfull \hbox (badness 10000) in paragraph at lines 70--98

 []

LaTeX Font Info:    Try loading font information for OMS+cmr on input line 102.


("/Users/haekyu/Library/Application Support/MiKTeX/texmfs/install/tex/latex/bas
e/omscmr.fd"
File: omscmr.fd 2014/09/29 v2.5h Standard LaTeX font definitions
)
LaTeX Font Info:    Font shape `OMS/cmr/m/it' in size <10> not available
(Font)              Font shape `OMS/cmsy/m/n' tried instead on input line 102.
 [1

{/Users/haekyu/Library/Application Support/MiKTeX/texmfs/data/pdftex/config/pdf
tex.map}]
<./fig/easy-map.png, id=13, 807.015pt x 811.03pt>
File: ./fig/easy-map.png Graphic file (type png)
<use ./fig/easy-map.png>
Package pdftex.def Info: ./fig/easy-map.png  used on input line 118.
(pdftex.def)             Requested size: 136.4892pt x 137.16788pt.
<./fig/map-detail.png, id=15, 806.01125pt x 828.09375pt>
File: ./fig/map-detail.png Graphic file (type png)
<use ./fig/map-detail.png>
Package pdftex.def Info: ./fig/map-detail.png  used on input line 127.
(pdftex.def)             Requested size: 304.82196pt x 313.17525pt.
LaTeX Font Info:    Font shape `OMS/cmr/m/n' in size <10> not available
(Font)              Font shape `OMS/cmsy/m/n' tried instead on input line 151.
 [2 <./fig/easy-map.png> <./fig/map-detail.png>]
Underfull \hbox (badness 10000) in paragraph at lines 215--238

 []


Underfull \hbox (badness 10000) in paragraph at lines 215--238

 []

<./fig/easy-vi.png, id=22, 801.99625pt x 822.07124pt>
File: ./fig/easy-vi.png Graphic file (type png)
<use ./fig/easy-vi.png>
Package pdftex.def Info: ./fig/easy-vi.png  used on input line 242.
(pdftex.def)             Requested size: 136.4892pt x 139.90079pt.
<./fig/easy-pi.png, id=23, 803.0pt x 827.09pt>
File: ./fig/easy-pi.png Graphic file (type png)
<use ./fig/easy-pi.png>
Package pdftex.def Info: ./fig/easy-pi.png  used on input line 250.
(pdftex.def)             Requested size: 136.4892pt x 140.57819pt.
<./fig/easy-q.png, id=24, 805.0075pt x 828.09375pt>
File: ./fig/easy-q.png Graphic file (type png)
<use ./fig/easy-q.png>
Package pdftex.def Info: ./fig/easy-q.png  used on input line 258.
(pdftex.def)             Requested size: 136.4892pt x 140.395pt.
<./fig/hard-vi-trap.png, id=25, 804.00375pt x 825.0825pt>
File: ./fig/hard-vi-trap.png Graphic file (type png)
<use ./fig/hard-vi-trap.png>
Package pdftex.def Info: ./fig/hard-vi-trap.png  used on input line 280.
(pdftex.def)             Requested size: 136.4892pt x 140.06073pt.
<./fig/hard-pi-trap.png, id=26, 800.9925pt x 824.07875pt>
File: ./fig/hard-pi-trap.png Graphic file (type png)
<use ./fig/hard-pi-trap.png>
Package pdftex.def Info: ./fig/hard-pi-trap.png  used on input line 288.
(pdftex.def)             Requested size: 136.4892pt x 140.41846pt.
<./fig/hard-q-trap.png, id=27, 801.99625pt x 825.0825pt>
File: ./fig/hard-q-trap.png Graphic file (type png)
<use ./fig/hard-q-trap.png>
Package pdftex.def Info: ./fig/hard-q-trap.png  used on input line 296.
(pdftex.def)             Requested size: 136.4892pt x 140.41324pt.
<./fig/hard-q-trap-detail.png, id=28, 801.99625pt x 825.0825pt>
File: ./fig/hard-q-trap-detail.png Graphic file (type png)
<use ./fig/hard-q-trap-detail.png>
Package pdftex.def Info: ./fig/hard-q-trap-detail.png  used on input line 317.
(pdftex.def)             Requested size: 227.47969pt x 234.03047pt.
<./fig/easy-vi-reward.pdf, id=29, 433.62pt x 289.08pt>
File: ./fig/easy-vi-reward.pdf Graphic file (type pdf)
<use ./fig/easy-vi-reward.pdf>
Package pdftex.def Info: ./fig/easy-vi-reward.pdf  used on input line 346.
(pdftex.def)             Requested size: 136.4892pt x 90.9945pt.
<./fig/easy-pi-reward.pdf, id=30, 433.62pt x 289.08pt>
File: ./fig/easy-pi-reward.pdf Graphic file (type pdf)
<use ./fig/easy-pi-reward.pdf>
Package pdftex.def Info: ./fig/easy-pi-reward.pdf  used on input line 354.
(pdftex.def)             Requested size: 136.4892pt x 90.9945pt.
<./fig/easy-q-reward.pdf, id=31, 433.62pt x 289.08pt>
File: ./fig/easy-q-reward.pdf Graphic file (type pdf)
<use ./fig/easy-q-reward.pdf>
Package pdftex.def Info: ./fig/easy-q-reward.pdf  used on input line 362.
(pdftex.def)             Requested size: 136.4892pt x 90.9945pt.
<./fig/hard-vi-reward.pdf, id=32, 433.62pt x 289.08pt>
File: ./fig/hard-vi-reward.pdf Graphic file (type pdf)
<use ./fig/hard-vi-reward.pdf>
Package pdftex.def Info: ./fig/hard-vi-reward.pdf  used on input line 379.
(pdftex.def)             Requested size: 136.4892pt x 90.9945pt.
<./fig/hard-pi-reward.pdf, id=33, 433.62pt x 289.08pt>
File: ./fig/hard-pi-reward.pdf Graphic file (type pdf)
<use ./fig/hard-pi-reward.pdf>
Package pdftex.def Info: ./fig/hard-pi-reward.pdf  used on input line 387.
(pdftex.def)             Requested size: 136.4892pt x 90.9945pt.
<./fig/hard-q-reward.pdf, id=34, 433.62pt x 289.08pt>
File: ./fig/hard-q-reward.pdf Graphic file (type pdf)
<use ./fig/hard-q-reward.pdf>
Package pdftex.def Info: ./fig/hard-q-reward.pdf  used on input line 395.
(pdftex.def)             Requested size: 136.4892pt x 90.9945pt.

Underfull \hbox (badness 10000) in paragraph at lines 411--442

 []


Underfull \hbox (badness 10000) in paragraph at lines 411--442

 []

[3] [4 <./fig/easy-vi.png> <./fig/easy-pi.png> <./fig/easy-q.png> <./fig/hard-v
i-trap.png> <./fig/hard-pi-trap.png> <./fig/hard-q-trap.png>] [5 <./fig/hard-q-
trap-detail.png> <./fig/easy-vi-reward.pdf> <./fig/easy-pi-reward.pdf

pdfTeX warning: pdflatex (file ./fig/easy-pi-reward.pdf): PDF inclusion: multip
le pdfs with page group included in a single page
> <./fig/easy-q-reward.pdf

pdfTeX warning: pdflatex (file ./fig/easy-q-reward.pdf): PDF inclusion: multipl
e pdfs with page group included in a single page
> <./fig/hard-vi-reward.pdf

pdfTeX warning: pdflatex (file ./fig/hard-vi-reward.pdf): PDF inclusion: multip
le pdfs with page group included in a single page
> <./fig/hard-pi-reward.pdf

pdfTeX warning: pdflatex (file ./fig/hard-pi-reward.pdf): PDF inclusion: multip
le pdfs with page group included in a single page
> <./fig/hard-q-reward.pdf

pdfTeX warning: pdflatex (file ./fig/hard-q-reward.pdf): PDF inclusion: multipl
e pdfs with page group included in a single page
>]
<./fig/easy-vi-time.pdf, id=222, 433.62pt x 289.08pt>
File: ./fig/easy-vi-time.pdf Graphic file (type pdf)
<use ./fig/easy-vi-time.pdf>
Package pdftex.def Info: ./fig/easy-vi-time.pdf  used on input line 446.
(pdftex.def)             Requested size: 136.4892pt x 90.9945pt.
<./fig/easy-pi-time.pdf, id=223, 433.62pt x 289.08pt>
File: ./fig/easy-pi-time.pdf Graphic file (type pdf)
<use ./fig/easy-pi-time.pdf>
Package pdftex.def Info: ./fig/easy-pi-time.pdf  used on input line 454.
(pdftex.def)             Requested size: 136.4892pt x 90.9945pt.
<./fig/easy-q-time.pdf, id=224, 433.62pt x 289.08pt>
File: ./fig/easy-q-time.pdf Graphic file (type pdf)
<use ./fig/easy-q-time.pdf>
Package pdftex.def Info: ./fig/easy-q-time.pdf  used on input line 462.
(pdftex.def)             Requested size: 136.4892pt x 90.9945pt.
<./fig/hard-vi-time.pdf, id=225, 433.62pt x 289.08pt>
File: ./fig/hard-vi-time.pdf Graphic file (type pdf)
<use ./fig/hard-vi-time.pdf>
Package pdftex.def Info: ./fig/hard-vi-time.pdf  used on input line 479.
(pdftex.def)             Requested size: 136.4892pt x 90.9945pt.
<./fig/hard-pi-time.pdf, id=226, 433.62pt x 289.08pt>
File: ./fig/hard-pi-time.pdf Graphic file (type pdf)
<use ./fig/hard-pi-time.pdf>
Package pdftex.def Info: ./fig/hard-pi-time.pdf  used on input line 487.
(pdftex.def)             Requested size: 136.4892pt x 90.9945pt.
<./fig/hard-q-time.pdf, id=227, 433.62pt x 289.08pt>
File: ./fig/hard-q-time.pdf Graphic file (type pdf)
<use ./fig/hard-q-time.pdf>
Package pdftex.def Info: ./fig/hard-q-time.pdf  used on input line 495.
(pdftex.def)             Requested size: 136.4892pt x 90.9945pt.
<./fig/hard-all-time.pdf, id=228, 433.62pt x 289.08pt>
File: ./fig/hard-all-time.pdf Graphic file (type pdf)
<use ./fig/hard-all-time.pdf>
Package pdftex.def Info: ./fig/hard-all-time.pdf  used on input line 512.
(pdftex.def)             Requested size: 181.98097pt x 121.32013pt.
<./fig/hard-notrap-all-time.pdf, id=229, 433.62pt x 289.08pt>
File: ./fig/hard-notrap-all-time.pdf Graphic file (type pdf)
<use ./fig/hard-notrap-all-time.pdf>
Package pdftex.def Info: ./fig/hard-notrap-all-time.pdf  used on input line 521
.
(pdftex.def)             Requested size: 181.98097pt x 121.32013pt.
 [6 <./fig/easy-vi-time.pdf> <./fig/easy-pi-time.pdf

pdfTeX warning: pdflatex (file ./fig/easy-pi-time.pdf): PDF inclusion: multiple
 pdfs with page group included in a single page
> <./fig/easy-q-time.pdf

pdfTeX warning: pdflatex (file ./fig/easy-q-time.pdf): PDF inclusion: multiple 
pdfs with page group included in a single page
> <./fig/hard-vi-time.pdf

pdfTeX warning: pdflatex (file ./fig/hard-vi-time.pdf): PDF inclusion: multiple
 pdfs with page group included in a single page
> <./fig/hard-pi-time.pdf

pdfTeX warning: pdflatex (file ./fig/hard-pi-time.pdf): PDF inclusion: multiple
 pdfs with page group included in a single page
> <./fig/hard-q-time.pdf

pdfTeX warning: pdflatex (file ./fig/hard-q-time.pdf): PDF inclusion: multiple 
pdfs with page group included in a single page
>]

hpark407-analysis.tex:557: LaTeX Error: There's no line here to end.

See the LaTeX manual or LaTeX Companion for explanation.
Type  H <return>  for immediate help
Your command was ignored.
Type  I <command> <return>  to replace it with another command,
or  <return>  to continue without it.


hpark407-analysis.tex:557: LaTeX Error: There's no line here to end.

See the LaTeX manual or LaTeX Companion for explanation.
Type  H <return>  for immediate help
Your command was ignored.
Type  I <command> <return>  to replace it with another command,
or  <return>  to continue without it.


Underfull \hbox (badness 10000) in paragraph at lines 557--612

 []


Underfull \hbox (badness 10000) in paragraph at lines 557--612

 []


Underfull \hbox (badness 10000) in paragraph at lines 557--612

 []

[7 <./fig/hard-all-time.pdf> <./fig/hard-notrap-all-time.pdf

pdfTeX warning: pdflatex (file ./fig/hard-notrap-all-time.pdf): PDF inclusion: 
multiple pdfs with page group included in a single page
>]
hpark407-analysis.tex:614: Undefined control sequence
The control sequence at the end of the top line
of your error message was never \def'ed. If you have
misspelled it (e.g., `\hobx'), type `I' and the correct
spelling (e.g., `I\hbox'). Otherwise just continue,
and I'll forget about whatever was undefined.

hpark407-analysis.tex:618: Undefined control sequence
The control sequence at the end of the top line
of your error message was never \def'ed. If you have
misspelled it (e.g., `\hobx'), type `I' and the correct
spelling (e.g., `I\hbox'). Otherwise just continue,
and I'll forget about whatever was undefined.

hpark407-analysis.tex:622: Undefined control sequence
The control sequence at the end of the top line
of your error message was never \def'ed. If you have
misspelled it (e.g., `\hobx'), type `I' and the correct
spelling (e.g., `I\hbox'). Otherwise just continue,
and I'll forget about whatever was undefined.

hpark407-analysis.tex:645: Undefined control sequence
The control sequence at the end of the top line
of your error message was never \def'ed. If you have
misspelled it (e.g., `\hobx'), type `I' and the correct
spelling (e.g., `I\hbox'). Otherwise just continue,
and I'll forget about whatever was undefined.


Underfull \hbox (badness 10000) in paragraph at lines 644--652

 []


Overfull \hbox (6.97372pt too wide) in paragraph at lines 644--652
\OT1/cmtt/m/n/10 EasyGridWorldLauncher.java\OT1/cmr/m/n/10 . To solve the hard 
grid world problem, run \OT1/cmtt/m/n/10 HardGridWorldLauncher.java\OT1/cmr/m/n
/10 . 
 []


(/Users/haekyu/GoogleDrive/Gatech/machine-learning/proj/proj4/report/.texpadtmp
/hpark407-analysis.bbl [8]
Underfull \hbox (badness 10000) in paragraph at lines 8--11
[]\OT1/cmr/m/n/8 Reinforcement learning soup: Mdps, policy vs. value learning, 
q-learning and deep-q-networks,
 []


Overfull \hbox (5.26936pt too wide) in paragraph at lines 8--11
\OT1/cmtt/m/n/8 https://medium.com/@jrodthoughts/reinforcement-learning-soup-md
ps-policy-vs-value-learning-q-learning-and 
 []

) [9]
(/Users/haekyu/GoogleDrive/Gatech/machine-learning/proj/proj4/report/.texpadtmp
/hpark407-analysis.aux)

LaTeX Warning: There were multiply-defined labels.

 ) 
Here is how much of TeX's memory you used:
 4780 strings out of 494889
 74223 string characters out of 3176896
 153386 words of memory out of 3000000
 8327 multiletter control sequences out of 15000+200000
 10363 words of font info for 38 fonts, out of 3000000 for 9000
 0 hyphenation exceptions out of 8191
 42i,9n,40p,583b,462s stack positions out of 5000i,500n,10000p,200000b,50000s
</Users/haekyu/Library/Application Support/MiKTeX/texmfs/install/fonts/type1/
public/amsfonts/cm/cmbx10.pfb></Users/haekyu/Library/Application Support/MiKTeX
/texmfs/install/fonts/type1/public/amsfonts/cm/cmbx12.pfb></Users/haekyu/Librar
y/Application Support/MiKTeX/texmfs/install/fonts/type1/public/amsfonts/cm/cmbx
ti10.pfb></Users/haekyu/Library/Application Support/MiKTeX/texmfs/install/fonts
/type1/public/amsfonts/cm/cmex10.pfb></Users/haekyu/Library/Application Support
/MiKTeX/texmfs/install/fonts/type1/public/amsfonts/cm/cmmi10.pfb></Users/haekyu
/Library/Application Support/MiKTeX/texmfs/install/fonts/type1/public/amsfonts/
cm/cmmi5.pfb></Users/haekyu/Library/Application Support/MiKTeX/texmfs/install/f
onts/type1/public/amsfonts/cm/cmmi7.pfb></Users/haekyu/Library/Application Supp
ort/MiKTeX/texmfs/install/fonts/type1/public/amsfonts/cm/cmr10.pfb></Users/haek
yu/Library/Application Support/MiKTeX/texmfs/install/fonts/type1/public/amsfont
s/cm/cmr12.pfb></Users/haekyu/Library/Application Support/MiKTeX/texmfs/install
/fonts/type1/public/amsfonts/cm/cmr17.pfb></Users/haekyu/Library/Application Su
pport/MiKTeX/texmfs/install/fonts/type1/public/amsfonts/cm/cmr7.pfb></Users/hae
kyu/Library/Application Support/MiKTeX/texmfs/install/fonts/type1/public/amsfon
ts/cm/cmr8.pfb></Users/haekyu/Library/Application Support/MiKTeX/texmfs/install
/fonts/type1/public/amsfonts/cm/cmr9.pfb></Users/haekyu/Library/Application Sup
port/MiKTeX/texmfs/install/fonts/type1/public/amsfonts/cm/cmsy10.pfb></Users/ha
ekyu/Library/Application Support/MiKTeX/texmfs/install/fonts/type1/public/amsfo
nts/cm/cmsy5.pfb></Users/haekyu/Library/Application Support/MiKTeX/texmfs/insta
ll/fonts/type1/public/amsfonts/cm/cmsy7.pfb></Users/haekyu/Library/Application 
Support/MiKTeX/texmfs/install/fonts/type1/public/amsfonts/cm/cmti10.pfb></Users
/haekyu/Library/Application Support/MiKTeX/texmfs/install/fonts/type1/public/am
sfonts/cm/cmtt10.pfb></Users/haekyu/Library/Application Support/MiKTeX/texmfs/i
nstall/fonts/type1/public/amsfonts/cm/cmtt8.pfb>
Output written on /Users/haekyu/GoogleDrive/Gatech/machine-learning/proj/proj4/
report/.texpadtmp/hpark407-analysis.pdf (9 pages, 1285547 bytes).
PDF statistics:
 581 PDF objects out of 1000 (max. 8388607)
 0 named destinations out of 1000 (max. 500000)
 116 words of extra memory for PDF output out of 10000 (max. 10000000)

